2014-10-29 21:36:55,605 [FileSystemWatcher: files=#142 cl=groovy.lang.GroovyClassLoader@2e764945] ERROR StackTrace  - Full Stack Trace:
org.codehaus.groovy.grails.exceptions.InvalidPropertyException: No property found for name [task] for class [class manejadortareas.Comment]
	at org.codehaus.groovy.grails.commons.DefaultGrailsDomainClass.getPropertyByName(DefaultGrailsDomainClass.java:665)
	at org.codehaus.groovy.grails.commons.GrailsDomainConfigurationUtil.configureDomainClassRelationships(GrailsDomainConfigurationUtil.java:161)
	at org.codehaus.groovy.grails.commons.DomainClassArtefactHandler.initialize(DomainClassArtefactHandler.java:64)
	at org.codehaus.groovy.grails.commons.DefaultGrailsApplication.initializeArtefacts(DefaultGrailsApplication.java:562)
	at org.codehaus.groovy.grails.commons.DefaultGrailsApplication.initializeArtefacts(DefaultGrailsApplication.java:535)
	at org.codehaus.groovy.grails.commons.DefaultGrailsApplication.addArtefact(DefaultGrailsApplication.java:746)
	at org.codehaus.groovy.grails.commons.DefaultGrailsApplication.addArtefact(DefaultGrailsApplication.java:476)
	at org.codehaus.groovy.grails.commons.GrailsApplication$addArtefact$2.call(Unknown Source)
	at org.codehaus.groovy.grails.plugins.DomainClassGrailsPlugin$_closure3.doCall(DomainClassGrailsPlugin.groovy:128)
	at sun.reflect.NativeMethodAccessorImpl.invoke0(Native Method)
	at sun.reflect.NativeMethodAccessorImpl.invoke(NativeMethodAccessorImpl.java:57)
	at sun.reflect.DelegatingMethodAccessorImpl.invoke(DelegatingMethodAccessorImpl.java:43)
	at java.lang.reflect.Method.invoke(Method.java:606)
	at org.springsource.loaded.ri.ReflectiveInterceptor.jlrMethodInvoke(ReflectiveInterceptor.java:1276)
	at org.codehaus.groovy.reflection.CachedMethod.invoke(CachedMethod.java:90)
	at groovy.lang.MetaMethod.doMethodInvoke(MetaMethod.java:324)
	at groovy.lang.MetaClassImpl.invokeMethod(MetaClassImpl.java:1207)
	at groovy.lang.ExpandoMetaClass.invokeMethod(ExpandoMetaClass.java:1110)
	at groovy.lang.MetaClassImpl.invokeMethod(MetaClassImpl.java:1016)
	at groovy.lang.Closure.call(Closure.java:423)
	at org.codehaus.groovy.grails.plugins.DefaultGrailsPlugin.invokeOnChangeListener(DefaultGrailsPlugin.java:767)
	at org.codehaus.groovy.grails.plugins.DefaultGrailsPlugin.notifyOfEvent(DefaultGrailsPlugin.java:716)
	at org.codehaus.groovy.grails.plugins.DefaultGrailsPlugin.notifyOfEvent(DefaultGrailsPlugin.java:731)
	at org.codehaus.groovy.grails.plugins.AbstractGrailsPluginManager.informOfClassChange(AbstractGrailsPluginManager.java:408)
	at org.codehaus.groovy.grails.project.compiler.GrailsProjectWatcher$2.run(GrailsProjectWatcher.java:246)
	at org.codehaus.groovy.grails.project.compiler.GrailsProjectWatcher.firePendingClassChangeEvents(GrailsProjectWatcher.java:107)
	at org.codehaus.groovy.grails.cli.agent.GrailsPluginManagerReloadPlugin.reloadEvent(GrailsPluginManagerReloadPlugin.java:42)
	at org.springsource.loaded.TypeRegistry.fireReloadEvent(TypeRegistry.java:1767)
	at org.springsource.loaded.ReloadableType.loadNewVersion(ReloadableType.java:405)
	at org.springsource.loaded.TypeRegistry.loadNewVersion(TypeRegistry.java:845)
	at org.springsource.loaded.agent.ReloadableFileChangeListener.fileChanged(ReloadableFileChangeListener.java:51)
	at org.springsource.loaded.agent.Watcher.determineChangesSince(FileSystemWatcher.java:235)
	at org.springsource.loaded.agent.Watcher.run(FileSystemWatcher.java:219)
	at java.lang.Thread.run(Thread.java:744)
2014-10-29 21:36:55,638 [FileSystemWatcher: files=#142 cl=groovy.lang.GroovyClassLoader@2e764945] ERROR StackTrace  - Full Stack Trace:
org.codehaus.groovy.grails.exceptions.InvalidPropertyException: No property found for name [task] for class [class manejadortareas.Comment]
	at java.lang.Thread.run(Thread.java:744)
2014-10-29 21:36:55,638 [FileSystemWatcher: files=#142 cl=groovy.lang.GroovyClassLoader@2e764945] ERROR StackTrace  - Full Stack Trace:
org.codehaus.groovy.grails.exceptions.InvalidPropertyException: No property found for name [task] for class [class manejadortareas.Comment]
	at java.lang.Thread.run(Thread.java:744)
2014-10-29 21:36:55,638 [FileSystemWatcher: files=#142 cl=groovy.lang.GroovyClassLoader@2e764945] ERROR StackTrace  - Full Stack Trace:
org.codehaus.groovy.grails.exceptions.InvalidPropertyException: No property found for name [task] for class [class manejadortareas.Comment]
	at java.lang.Thread.run(Thread.java:744)
2014-10-29 21:46:18,561 [FileSystemWatcher: files=#142 cl=groovy.lang.GroovyClassLoader@2e764945] ERROR StackTrace  - Full Stack Trace:
org.codehaus.groovy.grails.exceptions.InvalidPropertyException: No property found for name [task] for class [class manejadortareas.Comment]
	at org.codehaus.groovy.grails.commons.DefaultGrailsDomainClass.getPropertyByName(DefaultGrailsDomainClass.java:665)
	at org.codehaus.groovy.grails.commons.GrailsDomainConfigurationUtil.configureDomainClassRelationships(GrailsDomainConfigurationUtil.java:161)
	at org.codehaus.groovy.grails.commons.DomainClassArtefactHandler.initialize(DomainClassArtefactHandler.java:64)
	at org.codehaus.groovy.grails.commons.DefaultGrailsApplication.initializeArtefacts(DefaultGrailsApplication.java:562)
	at org.codehaus.groovy.grails.commons.DefaultGrailsApplication.initializeArtefacts(DefaultGrailsApplication.java:535)
	at org.codehaus.groovy.grails.commons.DefaultGrailsApplication.addArtefact(DefaultGrailsApplication.java:746)
	at org.codehaus.groovy.grails.commons.DefaultGrailsApplication.addArtefact(DefaultGrailsApplication.java:476)
	at org.codehaus.groovy.grails.commons.GrailsApplication$addArtefact$2.call(Unknown Source)
	at org.codehaus.groovy.grails.plugins.DomainClassGrailsPlugin$_closure3.doCall(DomainClassGrailsPlugin.groovy:128)
	at sun.reflect.NativeMethodAccessorImpl.invoke0(Native Method)
	at sun.reflect.NativeMethodAccessorImpl.invoke(NativeMethodAccessorImpl.java:57)
	at sun.reflect.DelegatingMethodAccessorImpl.invoke(DelegatingMethodAccessorImpl.java:43)
	at java.lang.reflect.Method.invoke(Method.java:606)
	at org.springsource.loaded.ri.ReflectiveInterceptor.jlrMethodInvoke(ReflectiveInterceptor.java:1276)
	at org.codehaus.groovy.reflection.CachedMethod.invoke(CachedMethod.java:90)
	at groovy.lang.MetaMethod.doMethodInvoke(MetaMethod.java:324)
	at groovy.lang.MetaClassImpl.invokeMethod(MetaClassImpl.java:1207)
	at groovy.lang.ExpandoMetaClass.invokeMethod(ExpandoMetaClass.java:1110)
	at groovy.lang.MetaClassImpl.invokeMethod(MetaClassImpl.java:1016)
	at groovy.lang.Closure.call(Closure.java:423)
	at org.codehaus.groovy.grails.plugins.DefaultGrailsPlugin.invokeOnChangeListener(DefaultGrailsPlugin.java:767)
	at org.codehaus.groovy.grails.plugins.DefaultGrailsPlugin.notifyOfEvent(DefaultGrailsPlugin.java:716)
	at org.codehaus.groovy.grails.plugins.DefaultGrailsPlugin.notifyOfEvent(DefaultGrailsPlugin.java:731)
	at org.codehaus.groovy.grails.plugins.AbstractGrailsPluginManager.informOfClassChange(AbstractGrailsPluginManager.java:408)
	at org.codehaus.groovy.grails.project.compiler.GrailsProjectWatcher$2.run(GrailsProjectWatcher.java:246)
	at org.codehaus.groovy.grails.project.compiler.GrailsProjectWatcher.firePendingClassChangeEvents(GrailsProjectWatcher.java:107)
	at org.codehaus.groovy.grails.cli.agent.GrailsPluginManagerReloadPlugin.reloadEvent(GrailsPluginManagerReloadPlugin.java:42)
	at org.springsource.loaded.TypeRegistry.fireReloadEvent(TypeRegistry.java:1767)
	at org.springsource.loaded.ReloadableType.loadNewVersion(ReloadableType.java:405)
	at org.springsource.loaded.TypeRegistry.loadNewVersion(TypeRegistry.java:845)
	at org.springsource.loaded.agent.ReloadableFileChangeListener.fileChanged(ReloadableFileChangeListener.java:51)
	at org.springsource.loaded.agent.Watcher.determineChangesSince(FileSystemWatcher.java:235)
	at org.springsource.loaded.agent.Watcher.run(FileSystemWatcher.java:219)
	at java.lang.Thread.run(Thread.java:744)
2014-10-29 21:46:18,574 [FileSystemWatcher: files=#142 cl=groovy.lang.GroovyClassLoader@2e764945] ERROR StackTrace  - Full Stack Trace:
org.codehaus.groovy.grails.exceptions.InvalidPropertyException: No property found for name [task] for class [class manejadortareas.Comment]
	at java.lang.Thread.run(Thread.java:744)
2014-10-29 21:46:18,575 [FileSystemWatcher: files=#142 cl=groovy.lang.GroovyClassLoader@2e764945] ERROR StackTrace  - Full Stack Trace:
org.codehaus.groovy.grails.exceptions.InvalidPropertyException: No property found for name [task] for class [class manejadortareas.Comment]
	at java.lang.Thread.run(Thread.java:744)
2014-10-29 21:46:18,575 [FileSystemWatcher: files=#142 cl=groovy.lang.GroovyClassLoader@2e764945] ERROR StackTrace  - Full Stack Trace:
org.codehaus.groovy.grails.exceptions.InvalidPropertyException: No property found for name [task] for class [class manejadortareas.Comment]
	at java.lang.Thread.run(Thread.java:744)
2014-10-29 21:46:18,934 [FileSystemWatcher: files=#142 cl=groovy.lang.GroovyClassLoader@2e764945] ERROR StackTrace  - Full Stack Trace:
org.codehaus.groovy.grails.exceptions.InvalidPropertyException: No property found for name [task] for class [class manejadortareas.Comment]
	at org.codehaus.groovy.grails.commons.DefaultGrailsDomainClass.getPropertyByName(DefaultGrailsDomainClass.java:665)
	at org.codehaus.groovy.grails.commons.GrailsDomainConfigurationUtil.configureDomainClassRelationships(GrailsDomainConfigurationUtil.java:161)
	at org.codehaus.groovy.grails.commons.DomainClassArtefactHandler.initialize(DomainClassArtefactHandler.java:64)
	at org.codehaus.groovy.grails.commons.DefaultGrailsApplication.initializeArtefacts(DefaultGrailsApplication.java:562)
	at org.codehaus.groovy.grails.commons.DefaultGrailsApplication.initializeArtefacts(DefaultGrailsApplication.java:535)
	at org.codehaus.groovy.grails.commons.DefaultGrailsApplication.addArtefact(DefaultGrailsApplication.java:746)
	at org.codehaus.groovy.grails.commons.DefaultGrailsApplication.addArtefact(DefaultGrailsApplication.java:476)
	at org.codehaus.groovy.grails.commons.GrailsApplication$addArtefact$2.call(Unknown Source)
	at org.codehaus.groovy.grails.plugins.DomainClassGrailsPlugin$_closure3.doCall(DomainClassGrailsPlugin.groovy:128)
	at sun.reflect.NativeMethodAccessorImpl.invoke0(Native Method)
	at sun.reflect.NativeMethodAccessorImpl.invoke(NativeMethodAccessorImpl.java:57)
	at sun.reflect.DelegatingMethodAccessorImpl.invoke(DelegatingMethodAccessorImpl.java:43)
	at java.lang.reflect.Method.invoke(Method.java:606)
	at org.springsource.loaded.ri.ReflectiveInterceptor.jlrMethodInvoke(ReflectiveInterceptor.java:1276)
	at org.codehaus.groovy.reflection.CachedMethod.invoke(CachedMethod.java:90)
	at groovy.lang.MetaMethod.doMethodInvoke(MetaMethod.java:324)
	at groovy.lang.MetaClassImpl.invokeMethod(MetaClassImpl.java:1207)
	at groovy.lang.ExpandoMetaClass.invokeMethod(ExpandoMetaClass.java:1110)
	at groovy.lang.MetaClassImpl.invokeMethod(MetaClassImpl.java:1016)
	at groovy.lang.Closure.call(Closure.java:423)
	at org.codehaus.groovy.grails.plugins.DefaultGrailsPlugin.invokeOnChangeListener(DefaultGrailsPlugin.java:767)
	at org.codehaus.groovy.grails.plugins.DefaultGrailsPlugin.notifyOfEvent(DefaultGrailsPlugin.java:716)
	at org.codehaus.groovy.grails.plugins.DefaultGrailsPlugin.notifyOfEvent(DefaultGrailsPlugin.java:731)
	at org.codehaus.groovy.grails.plugins.AbstractGrailsPluginManager.informOfClassChange(AbstractGrailsPluginManager.java:408)
	at org.codehaus.groovy.grails.project.compiler.GrailsProjectWatcher$2.run(GrailsProjectWatcher.java:246)
	at org.codehaus.groovy.grails.project.compiler.GrailsProjectWatcher.firePendingClassChangeEvents(GrailsProjectWatcher.java:107)
	at org.codehaus.groovy.grails.cli.agent.GrailsPluginManagerReloadPlugin.reloadEvent(GrailsPluginManagerReloadPlugin.java:42)
	at org.springsource.loaded.TypeRegistry.fireReloadEvent(TypeRegistry.java:1767)
	at org.springsource.loaded.ReloadableType.loadNewVersion(ReloadableType.java:405)
	at org.springsource.loaded.TypeRegistry.loadNewVersion(TypeRegistry.java:845)
	at org.springsource.loaded.agent.ReloadableFileChangeListener.fileChanged(ReloadableFileChangeListener.java:51)
	at org.springsource.loaded.agent.Watcher.determineChangesSince(FileSystemWatcher.java:235)
	at org.springsource.loaded.agent.Watcher.run(FileSystemWatcher.java:219)
	at java.lang.Thread.run(Thread.java:744)
2014-10-29 21:46:18,935 [FileSystemWatcher: files=#142 cl=groovy.lang.GroovyClassLoader@2e764945] ERROR StackTrace  - Full Stack Trace:
org.codehaus.groovy.grails.exceptions.InvalidPropertyException: No property found for name [task] for class [class manejadortareas.Comment]
	at java.lang.Thread.run(Thread.java:744)
2014-10-29 21:46:18,935 [FileSystemWatcher: files=#142 cl=groovy.lang.GroovyClassLoader@2e764945] ERROR StackTrace  - Full Stack Trace:
org.codehaus.groovy.grails.exceptions.InvalidPropertyException: No property found for name [task] for class [class manejadortareas.Comment]
	at java.lang.Thread.run(Thread.java:744)
2014-10-29 21:46:18,935 [FileSystemWatcher: files=#142 cl=groovy.lang.GroovyClassLoader@2e764945] ERROR StackTrace  - Full Stack Trace:
org.codehaus.groovy.grails.exceptions.InvalidPropertyException: No property found for name [task] for class [class manejadortareas.Comment]
	at java.lang.Thread.run(Thread.java:744)
2014-10-29 21:46:19,146 [FileSystemWatcher: files=#142 cl=groovy.lang.GroovyClassLoader@2e764945] ERROR StackTrace  - Full Stack Trace:
org.codehaus.groovy.grails.exceptions.InvalidPropertyException: No property found for name [task] for class [class manejadortareas.Comment]
	at org.codehaus.groovy.grails.commons.DefaultGrailsDomainClass.getPropertyByName(DefaultGrailsDomainClass.java:665)
	at org.codehaus.groovy.grails.commons.GrailsDomainConfigurationUtil.configureDomainClassRelationships(GrailsDomainConfigurationUtil.java:161)
	at org.codehaus.groovy.grails.commons.DomainClassArtefactHandler.initialize(DomainClassArtefactHandler.java:64)
	at org.codehaus.groovy.grails.commons.DefaultGrailsApplication.initializeArtefacts(DefaultGrailsApplication.java:562)
	at org.codehaus.groovy.grails.commons.DefaultGrailsApplication.initializeArtefacts(DefaultGrailsApplication.java:535)
	at org.codehaus.groovy.grails.commons.DefaultGrailsApplication.addArtefact(DefaultGrailsApplication.java:746)
	at org.codehaus.groovy.grails.commons.DefaultGrailsApplication.addArtefact(DefaultGrailsApplication.java:476)
	at org.codehaus.groovy.grails.commons.GrailsApplication$addArtefact$2.call(Unknown Source)
	at org.codehaus.groovy.grails.plugins.DomainClassGrailsPlugin$_closure3.doCall(DomainClassGrailsPlugin.groovy:128)
	at sun.reflect.NativeMethodAccessorImpl.invoke0(Native Method)
	at sun.reflect.NativeMethodAccessorImpl.invoke(NativeMethodAccessorImpl.java:57)
	at sun.reflect.DelegatingMethodAccessorImpl.invoke(DelegatingMethodAccessorImpl.java:43)
	at java.lang.reflect.Method.invoke(Method.java:606)
	at org.springsource.loaded.ri.ReflectiveInterceptor.jlrMethodInvoke(ReflectiveInterceptor.java:1276)
	at org.codehaus.groovy.reflection.CachedMethod.invoke(CachedMethod.java:90)
	at groovy.lang.MetaMethod.doMethodInvoke(MetaMethod.java:324)
	at groovy.lang.MetaClassImpl.invokeMethod(MetaClassImpl.java:1207)
	at groovy.lang.ExpandoMetaClass.invokeMethod(ExpandoMetaClass.java:1110)
	at groovy.lang.MetaClassImpl.invokeMethod(MetaClassImpl.java:1016)
	at groovy.lang.Closure.call(Closure.java:423)
	at org.codehaus.groovy.grails.plugins.DefaultGrailsPlugin.invokeOnChangeListener(DefaultGrailsPlugin.java:767)
	at org.codehaus.groovy.grails.plugins.DefaultGrailsPlugin.notifyOfEvent(DefaultGrailsPlugin.java:716)
	at org.codehaus.groovy.grails.plugins.DefaultGrailsPlugin.notifyOfEvent(DefaultGrailsPlugin.java:731)
	at org.codehaus.groovy.grails.plugins.AbstractGrailsPluginManager.informOfClassChange(AbstractGrailsPluginManager.java:408)
	at org.codehaus.groovy.grails.project.compiler.GrailsProjectWatcher$2.run(GrailsProjectWatcher.java:246)
	at org.codehaus.groovy.grails.project.compiler.GrailsProjectWatcher.firePendingClassChangeEvents(GrailsProjectWatcher.java:107)
	at org.codehaus.groovy.grails.cli.agent.GrailsPluginManagerReloadPlugin.reloadEvent(GrailsPluginManagerReloadPlugin.java:42)
	at org.springsource.loaded.TypeRegistry.fireReloadEvent(TypeRegistry.java:1767)
	at org.springsource.loaded.ReloadableType.loadNewVersion(ReloadableType.java:405)
	at org.springsource.loaded.TypeRegistry.loadNewVersion(TypeRegistry.java:845)
	at org.springsource.loaded.agent.ReloadableFileChangeListener.fileChanged(ReloadableFileChangeListener.java:51)
	at org.springsource.loaded.agent.Watcher.determineChangesSince(FileSystemWatcher.java:235)
	at org.springsource.loaded.agent.Watcher.run(FileSystemWatcher.java:219)
	at java.lang.Thread.run(Thread.java:744)
2014-10-29 21:46:19,147 [FileSystemWatcher: files=#142 cl=groovy.lang.GroovyClassLoader@2e764945] ERROR StackTrace  - Full Stack Trace:
org.codehaus.groovy.grails.exceptions.InvalidPropertyException: No property found for name [task] for class [class manejadortareas.Comment]
	at java.lang.Thread.run(Thread.java:744)
2014-10-29 21:46:19,147 [FileSystemWatcher: files=#142 cl=groovy.lang.GroovyClassLoader@2e764945] ERROR StackTrace  - Full Stack Trace:
org.codehaus.groovy.grails.exceptions.InvalidPropertyException: No property found for name [task] for class [class manejadortareas.Comment]
	at java.lang.Thread.run(Thread.java:744)
2014-10-29 21:46:19,147 [FileSystemWatcher: files=#142 cl=groovy.lang.GroovyClassLoader@2e764945] ERROR StackTrace  - Full Stack Trace:
org.codehaus.groovy.grails.exceptions.InvalidPropertyException: No property found for name [task] for class [class manejadortareas.Comment]
	at java.lang.Thread.run(Thread.java:744)
2014-10-29 21:58:32,401 [FileSystemWatcher: files=#142 cl=groovy.lang.GroovyClassLoader@2e764945] ERROR StackTrace  - Full Stack Trace:
org.codehaus.groovy.grails.exceptions.InvalidPropertyException: No property found for name [task] for class [class manejadortareas.Comment]
	at org.codehaus.groovy.grails.commons.DefaultGrailsDomainClass.getPropertyByName(DefaultGrailsDomainClass.java:665)
	at org.codehaus.groovy.grails.commons.GrailsDomainConfigurationUtil.configureDomainClassRelationships(GrailsDomainConfigurationUtil.java:161)
	at org.codehaus.groovy.grails.commons.DomainClassArtefactHandler.initialize(DomainClassArtefactHandler.java:64)
	at org.codehaus.groovy.grails.commons.DefaultGrailsApplication.initializeArtefacts(DefaultGrailsApplication.java:562)
	at org.codehaus.groovy.grails.commons.DefaultGrailsApplication.initializeArtefacts(DefaultGrailsApplication.java:535)
	at org.codehaus.groovy.grails.commons.DefaultGrailsApplication.addArtefact(DefaultGrailsApplication.java:746)
	at org.codehaus.groovy.grails.commons.DefaultGrailsApplication.addArtefact(DefaultGrailsApplication.java:476)
	at org.codehaus.groovy.grails.commons.GrailsApplication$addArtefact$2.call(Unknown Source)
	at org.codehaus.groovy.grails.plugins.DomainClassGrailsPlugin$_closure3.doCall(DomainClassGrailsPlugin.groovy:128)
	at sun.reflect.NativeMethodAccessorImpl.invoke0(Native Method)
	at sun.reflect.NativeMethodAccessorImpl.invoke(NativeMethodAccessorImpl.java:57)
	at sun.reflect.DelegatingMethodAccessorImpl.invoke(DelegatingMethodAccessorImpl.java:43)
	at java.lang.reflect.Method.invoke(Method.java:606)
	at org.springsource.loaded.ri.ReflectiveInterceptor.jlrMethodInvoke(ReflectiveInterceptor.java:1276)
	at org.codehaus.groovy.reflection.CachedMethod.invoke(CachedMethod.java:90)
	at groovy.lang.MetaMethod.doMethodInvoke(MetaMethod.java:324)
	at groovy.lang.MetaClassImpl.invokeMethod(MetaClassImpl.java:1207)
	at groovy.lang.ExpandoMetaClass.invokeMethod(ExpandoMetaClass.java:1110)
	at groovy.lang.MetaClassImpl.invokeMethod(MetaClassImpl.java:1016)
	at groovy.lang.Closure.call(Closure.java:423)
	at org.codehaus.groovy.grails.plugins.DefaultGrailsPlugin.invokeOnChangeListener(DefaultGrailsPlugin.java:767)
	at org.codehaus.groovy.grails.plugins.DefaultGrailsPlugin.notifyOfEvent(DefaultGrailsPlugin.java:716)
	at org.codehaus.groovy.grails.plugins.DefaultGrailsPlugin.notifyOfEvent(DefaultGrailsPlugin.java:731)
	at org.codehaus.groovy.grails.plugins.AbstractGrailsPluginManager.informOfClassChange(AbstractGrailsPluginManager.java:408)
	at org.codehaus.groovy.grails.project.compiler.GrailsProjectWatcher$2.run(GrailsProjectWatcher.java:246)
	at org.codehaus.groovy.grails.project.compiler.GrailsProjectWatcher.firePendingClassChangeEvents(GrailsProjectWatcher.java:107)
	at org.codehaus.groovy.grails.cli.agent.GrailsPluginManagerReloadPlugin.reloadEvent(GrailsPluginManagerReloadPlugin.java:42)
	at org.springsource.loaded.TypeRegistry.fireReloadEvent(TypeRegistry.java:1767)
	at org.springsource.loaded.ReloadableType.loadNewVersion(ReloadableType.java:405)
	at org.springsource.loaded.TypeRegistry.loadNewVersion(TypeRegistry.java:845)
	at org.springsource.loaded.agent.ReloadableFileChangeListener.fileChanged(ReloadableFileChangeListener.java:51)
	at org.springsource.loaded.agent.Watcher.determineChangesSince(FileSystemWatcher.java:235)
	at org.springsource.loaded.agent.Watcher.run(FileSystemWatcher.java:219)
	at java.lang.Thread.run(Thread.java:744)
2014-10-29 21:58:32,416 [FileSystemWatcher: files=#142 cl=groovy.lang.GroovyClassLoader@2e764945] ERROR StackTrace  - Full Stack Trace:
org.codehaus.groovy.grails.exceptions.InvalidPropertyException: No property found for name [task] for class [class manejadortareas.Comment]
	at java.lang.Thread.run(Thread.java:744)
2014-10-29 21:58:32,416 [FileSystemWatcher: files=#142 cl=groovy.lang.GroovyClassLoader@2e764945] ERROR StackTrace  - Full Stack Trace:
org.codehaus.groovy.grails.exceptions.InvalidPropertyException: No property found for name [task] for class [class manejadortareas.Comment]
	at java.lang.Thread.run(Thread.java:744)
2014-10-29 21:58:32,417 [FileSystemWatcher: files=#142 cl=groovy.lang.GroovyClassLoader@2e764945] ERROR StackTrace  - Full Stack Trace:
org.codehaus.groovy.grails.exceptions.InvalidPropertyException: No property found for name [task] for class [class manejadortareas.Comment]
	at java.lang.Thread.run(Thread.java:744)
2014-10-29 21:58:33,260 [FileSystemWatcher: files=#142 cl=groovy.lang.GroovyClassLoader@2e764945] ERROR StackTrace  - Full Stack Trace:
org.codehaus.groovy.grails.exceptions.InvalidPropertyException: No property found for name [task] for class [class manejadortareas.Comment]
	at org.codehaus.groovy.grails.commons.DefaultGrailsDomainClass.getPropertyByName(DefaultGrailsDomainClass.java:665)
	at org.codehaus.groovy.grails.commons.GrailsDomainConfigurationUtil.configureDomainClassRelationships(GrailsDomainConfigurationUtil.java:161)
	at org.codehaus.groovy.grails.commons.DomainClassArtefactHandler.initialize(DomainClassArtefactHandler.java:64)
	at org.codehaus.groovy.grails.commons.DefaultGrailsApplication.initializeArtefacts(DefaultGrailsApplication.java:562)
	at org.codehaus.groovy.grails.commons.DefaultGrailsApplication.initializeArtefacts(DefaultGrailsApplication.java:535)
	at org.codehaus.groovy.grails.commons.DefaultGrailsApplication.addArtefact(DefaultGrailsApplication.java:746)
	at org.codehaus.groovy.grails.commons.DefaultGrailsApplication.addArtefact(DefaultGrailsApplication.java:476)
	at org.codehaus.groovy.grails.commons.GrailsApplication$addArtefact$2.call(Unknown Source)
	at org.codehaus.groovy.grails.plugins.DomainClassGrailsPlugin$_closure3.doCall(DomainClassGrailsPlugin.groovy:128)
	at sun.reflect.NativeMethodAccessorImpl.invoke0(Native Method)
	at sun.reflect.NativeMethodAccessorImpl.invoke(NativeMethodAccessorImpl.java:57)
	at sun.reflect.DelegatingMethodAccessorImpl.invoke(DelegatingMethodAccessorImpl.java:43)
	at java.lang.reflect.Method.invoke(Method.java:606)
	at org.springsource.loaded.ri.ReflectiveInterceptor.jlrMethodInvoke(ReflectiveInterceptor.java:1276)
	at org.codehaus.groovy.reflection.CachedMethod.invoke(CachedMethod.java:90)
	at groovy.lang.MetaMethod.doMethodInvoke(MetaMethod.java:324)
	at groovy.lang.MetaClassImpl.invokeMethod(MetaClassImpl.java:1207)
	at groovy.lang.ExpandoMetaClass.invokeMethod(ExpandoMetaClass.java:1110)
	at groovy.lang.MetaClassImpl.invokeMethod(MetaClassImpl.java:1016)
	at groovy.lang.Closure.call(Closure.java:423)
	at org.codehaus.groovy.grails.plugins.DefaultGrailsPlugin.invokeOnChangeListener(DefaultGrailsPlugin.java:767)
	at org.codehaus.groovy.grails.plugins.DefaultGrailsPlugin.notifyOfEvent(DefaultGrailsPlugin.java:716)
	at org.codehaus.groovy.grails.plugins.DefaultGrailsPlugin.notifyOfEvent(DefaultGrailsPlugin.java:731)
	at org.codehaus.groovy.grails.plugins.AbstractGrailsPluginManager.informOfClassChange(AbstractGrailsPluginManager.java:408)
	at org.codehaus.groovy.grails.project.compiler.GrailsProjectWatcher$2.run(GrailsProjectWatcher.java:246)
	at org.codehaus.groovy.grails.project.compiler.GrailsProjectWatcher.firePendingClassChangeEvents(GrailsProjectWatcher.java:107)
	at org.codehaus.groovy.grails.cli.agent.GrailsPluginManagerReloadPlugin.reloadEvent(GrailsPluginManagerReloadPlugin.java:42)
	at org.springsource.loaded.TypeRegistry.fireReloadEvent(TypeRegistry.java:1767)
	at org.springsource.loaded.ReloadableType.loadNewVersion(ReloadableType.java:405)
	at org.springsource.loaded.TypeRegistry.loadNewVersion(TypeRegistry.java:845)
	at org.springsource.loaded.agent.ReloadableFileChangeListener.fileChanged(ReloadableFileChangeListener.java:51)
	at org.springsource.loaded.agent.Watcher.determineChangesSince(FileSystemWatcher.java:235)
	at org.springsource.loaded.agent.Watcher.run(FileSystemWatcher.java:219)
	at java.lang.Thread.run(Thread.java:744)
2014-10-29 21:58:33,262 [FileSystemWatcher: files=#142 cl=groovy.lang.GroovyClassLoader@2e764945] ERROR StackTrace  - Full Stack Trace:
org.codehaus.groovy.grails.exceptions.InvalidPropertyException: No property found for name [task] for class [class manejadortareas.Comment]
	at java.lang.Thread.run(Thread.java:744)
2014-10-29 21:58:33,262 [FileSystemWatcher: files=#142 cl=groovy.lang.GroovyClassLoader@2e764945] ERROR StackTrace  - Full Stack Trace:
org.codehaus.groovy.grails.exceptions.InvalidPropertyException: No property found for name [task] for class [class manejadortareas.Comment]
	at java.lang.Thread.run(Thread.java:744)
2014-10-29 21:58:33,263 [FileSystemWatcher: files=#142 cl=groovy.lang.GroovyClassLoader@2e764945] ERROR StackTrace  - Full Stack Trace:
org.codehaus.groovy.grails.exceptions.InvalidPropertyException: No property found for name [task] for class [class manejadortareas.Comment]
	at java.lang.Thread.run(Thread.java:744)
